Added Net: Name=74HC595_0
Added Net: Name=74HC595_1
Added Net: Name=74HC595_2
Added Net: Name=74HC595_3
Added Net: Name=74HC595_4
Added Net: Name=74HC595_5
Added Net: Name=74HC595_6
Added Net: Name=74HC595_7
Added Net: Name=DS
Added Net: Name=GND
Added Net: Name=N00000
Added Net: Name=N00001
Added Net: Name=N00002
Added Net: Name=N00003
Added Net: Name=N00004
Added Net: Name=N00005
Added Net: Name=N00006
Added Net: Name=N00007
Added Net: Name=P0_3
Added Net: Name=P0_4
Added Net: Name=P0_5
Added Net: Name=P0_6
Added Net: Name=P0_7
Added Net: Name=P2_0
Added Net: Name=P2_1
Added Net: Name=P2_2
Added Net: Name=RELAY
Added Net: Name=SCK
Added Net: Name=SDA
Added Net: Name=SH_CP
Added Net: Name=ST_CP
Added Net: Name=VCC/VDD
