C51 COMPILER V9.01   SOUNDER                                                               12/13/2018 14:07:23 PAGE 1   


C51 COMPILER V9.01, COMPILATION OF MODULE SOUNDER
OBJECT MODULE PLACED IN sounder.OBJ
COMPILER INVOKED BY: C:\Keil\C51\BIN\C51.EXE sounder.c BROWSE DEBUG OBJECTEXTEND

line level    source

   1          #include <reg52.h>
   2          typedef unsigned char u8;
   3          typedef unsigned int u16;
   4          
   5          void sounderWrong(){
   6   1      
   7   1      }


MODULE INFORMATION:   STATIC OVERLAYABLE
   CODE SIZE        =      1    ----
   CONSTANT SIZE    =   ----    ----
   XDATA SIZE       =   ----    ----
   PDATA SIZE       =   ----    ----
   DATA SIZE        =   ----    ----
   IDATA SIZE       =   ----    ----
   BIT SIZE         =   ----    ----
END OF MODULE INFORMATION.


C51 COMPILATION COMPLETE.  0 WARNING(S),  0 ERROR(S)
