C51 COMPILER V9.59.0.0   I2C                                                               12/20/2018 15:55:32 PAGE 1   


C51 COMPILER V9.59.0.0, COMPILATION OF MODULE I2C
OBJECT MODULE PLACED IN i2c.OBJ
COMPILER INVOKED BY: C:\Keil_v5\C51\BIN\C51.EXE i2c.c OPTIMIZE(8,SPEED) BROWSE DEBUG OBJECTEXTEND TABS(2)

line level    source

   1          #include "i2c.h"
   2          void Delay10us()
   3          {
   4   1        unsigned char a,b;
   5   1        for(b=1;b>0;b--)
   6   1          for(a=2;a>0;a--);
   7   1      
   8   1      }
   9          void I2cStart()
  10          {
  11   1        SDA=1;
  12   1        Delay10us();
  13   1        SCL=1;
  14   1        Delay10us();//建立时间是SDA保持时间>4.7us
  15   1        SDA=0;
  16   1        Delay10us();//保持时间是>4us
  17   1        SCL=0;      
  18   1        Delay10us();    
  19   1      }
  20          void I2cStop()
  21          {
  22   1        SDA=0;
  23   1        Delay10us();
  24   1        SCL=1;
  25   1        Delay10us();//建立时间大于4.7us
  26   1        SDA=1;
  27   1        Delay10us();    
  28   1      }
  29          unsigned char I2cSendByte(unsigned char dat)
  30          {
  31   1        unsigned char a=0,b=0;//最大255，一个机器周期为1us，最大延时255us。   
  32   1        for(a=0;a<8;a++)//要发送8位，从最高位开始
  33   1        {
  34   2          SDA=dat>>7;  //起始信号之后SCL=0，所以可以直接改变SDA信号
  35   2          dat=dat<<1;
  36   2          Delay10us();
  37   2          SCL=1;
  38   2          Delay10us();//建立时间>4.7us
  39   2          SCL=0;
  40   2          Delay10us();//时间大于4us   
  41   2        }
  42   1        SDA=1;
  43   1        Delay10us();
  44   1        SCL=1;
  45   1        while(SDA)//等待应答，也就是等待从设备把SDA拉低
  46   1        {
  47   2          b++;
  48   2          if(b>200)  //如果超过2000us没有应答发送失败，或者为非应答，表示接收结束
  49   2          {
  50   3            SCL=0;
  51   3            Delay10us();
  52   3            return 0;
  53   3          }
  54   2        }
  55   1        SCL=0;
C51 COMPILER V9.59.0.0   I2C                                                               12/20/2018 15:55:32 PAGE 2   

  56   1        Delay10us();
  57   1        return 1;   
  58   1      }
  59          unsigned char I2cReadByte()
  60          {
  61   1        unsigned char a=0,dat=0;
  62   1        SDA=1;      //起始和发送一个字节之后SCL都是0
  63   1        Delay10us();
  64   1        for(a=0;a<8;a++)//接收8个字节
  65   1        {
  66   2          SCL=1;
  67   2          Delay10us();
  68   2          dat<<=1;
  69   2          dat|=SDA;
  70   2          Delay10us();
  71   2          SCL=0;
  72   2          Delay10us();
  73   2        }
  74   1        return dat;   
  75   1      }
  76          void At24c02Write(unsigned char addr,unsigned char dat)
  77          {
  78   1        I2cStart();
  79   1        I2cSendByte(0xa0);//发送写器件地址
  80   1        I2cSendByte(addr);//发送要写入内存地址
  81   1        I2cSendByte(dat); //发送数据
  82   1        I2cStop();
  83   1      }
  84          unsigned char At24c02Read(unsigned char addr)
  85          {
  86   1        unsigned char num;
  87   1        I2cStart();
  88   1        I2cSendByte(0xa0); //发送写器件地址
  89   1        I2cSendByte(addr); //发送要读取的地址
  90   1        I2cStart();
  91   1        I2cSendByte(0xa1); //发送读器件地址
  92   1        num=I2cReadByte(); //读取数据
  93   1        I2cStop();
  94   1        return num; 
  95   1      }


MODULE INFORMATION:   STATIC OVERLAYABLE
   CODE SIZE        =    245    ----
   CONSTANT SIZE    =   ----    ----
   XDATA SIZE       =   ----    ----
   PDATA SIZE       =   ----    ----
   DATA SIZE        =   ----    ----
   IDATA SIZE       =   ----    ----
   BIT SIZE         =   ----    ----
END OF MODULE INFORMATION.


C51 COMPILATION COMPLETE.  0 WARNING(S),  0 ERROR(S)
